0 info it worked if it ends with ok
1 verbose cli [ '/usr/bin/nodejs', '/usr/bin/npm', 'run', 'nodemon' ]
2 info using npm@3.8.3
3 info using node@v5.10.1
4 verbose run-script [ 'prenodemon', 'nodemon', 'postnodemon' ]
5 info lifecycle warehouse@0.0.0~prenodemon: warehouse@0.0.0
6 silly lifecycle warehouse@0.0.0~prenodemon: no script for prenodemon, continuing
7 info lifecycle warehouse@0.0.0~nodemon: warehouse@0.0.0
8 verbose lifecycle warehouse@0.0.0~nodemon: unsafe-perm in lifecycle true
9 verbose lifecycle warehouse@0.0.0~nodemon: PATH: /usr/lib/node_modules/npm/bin/node-gyp-bin:/home/bruno2546/Code/learning/warehouse/node_modules/.bin:/usr/bin:/usr/local/sbin:/usr/local/bin:/usr/sbin:/usr/bin:/sbin:/bin:/usr/games:/usr/local/games:/opt/jdk1.8.0_77/
10 verbose lifecycle warehouse@0.0.0~nodemon: CWD: /home/bruno2546/Code/learning/warehouse
11 silly lifecycle warehouse@0.0.0~nodemon: Args: [ '-c', 'nodemon ./bin/www' ]
12 silly lifecycle warehouse@0.0.0~nodemon: Returned: code: 1  signal: null
13 info lifecycle warehouse@0.0.0~nodemon: Failed to exec nodemon script
14 verbose stack Error: warehouse@0.0.0 nodemon: `nodemon ./bin/www`
14 verbose stack Exit status 1
14 verbose stack     at EventEmitter.<anonymous> (/usr/lib/node_modules/npm/lib/utils/lifecycle.js:239:16)
14 verbose stack     at emitTwo (events.js:100:13)
14 verbose stack     at EventEmitter.emit (events.js:185:7)
14 verbose stack     at ChildProcess.<anonymous> (/usr/lib/node_modules/npm/lib/utils/spawn.js:24:14)
14 verbose stack     at emitTwo (events.js:100:13)
14 verbose stack     at ChildProcess.emit (events.js:185:7)
14 verbose stack     at maybeClose (internal/child_process.js:850:16)
14 verbose stack     at Process.ChildProcess._handle.onexit (internal/child_process.js:215:5)
15 verbose pkgid warehouse@0.0.0
16 verbose cwd /home/bruno2546/Code/learning/warehouse
17 error Linux 4.2.0-35-generic
18 error argv "/usr/bin/nodejs" "/usr/bin/npm" "run" "nodemon"
19 error node v5.10.1
20 error npm  v3.8.3
21 error code ELIFECYCLE
22 error warehouse@0.0.0 nodemon: `nodemon ./bin/www`
22 error Exit status 1
23 error Failed at the warehouse@0.0.0 nodemon script 'nodemon ./bin/www'.
23 error Make sure you have the latest version of node.js and npm installed.
23 error If you do, this is most likely a problem with the warehouse package,
23 error not with npm itself.
23 error Tell the author that this fails on your system:
23 error     nodemon ./bin/www
23 error You can get information on how to open an issue for this project with:
23 error     npm bugs warehouse
23 error Or if that isn't available, you can get their info via:
23 error     npm owner ls warehouse
23 error There is likely additional logging output above.
24 verbose exit [ 1, true ]
